<?xml version="1.0" encoding="UTF-8"?>
<!-- Generated by org.testng.reporters.JUnitReportReporter -->
<testsuite hostname="Rohit" failures="0" tests="2" name="Codesy.in.SwagLabs.ProductPurchaseTestCase" time="52.428" errors="0" timestamp="2023-03-21T20:45:02 IST" skipped="0">
  <testcase classname="Codesy.in.SwagLabs.ProductPurchaseTestCase" name="purchaseProducts" time="27.945"/>
  <system-out/>
  <testcase classname="Codesy.in.SwagLabs.ProductPurchaseTestCase" name="loginTestCase" time="24.483"/>
  <system-out/>
</testsuite> <!-- Codesy.in.SwagLabs.ProductPurchaseTestCase -->
